2025-11-30 22:25:28 Loading main app package /nix/store/p8ilxrpq95nsxzfwspvzrbgqfq8h8n2j-obsidian-1.9.14/share/obsidian/obsidian.asar
2025-11-30 22:25:28 Checking for update using Github
2025-11-30 22:25:28 Success.
2025-11-30 22:25:28 Latest version is 1.10.6
2025-11-30 22:25:28 Downloading update from https://github.com/obsidianmd/obsidian-releases/releases/download/v1.10.6/obsidian-1.10.6.asar.gz
2025-11-30 22:25:29 Verifying hash & signature. Size= 9054843
2025-11-30 22:25:29 Saving file
2025-11-30 22:25:29 Update complete.
2025-11-30 23:25:28 Checking for update using Github
2025-11-30 23:25:28 Success.
2025-11-30 23:25:28 Latest version is 1.10.6
2025-11-30 23:25:28 An update is already downloaded.
2025-12-01 00:25:28 Checking for update using Github
2025-12-01 00:25:28 Success.
2025-12-01 00:25:28 Latest version is 1.10.6
2025-12-01 00:25:28 An update is already downloaded.
2025-12-01 01:25:28 Checking for update using Github
2025-12-01 01:25:29 Success.
2025-12-01 01:25:29 Latest version is 1.10.6
2025-12-01 01:25:29 An update is already downloaded.
2025-12-01 02:25:28 Checking for update using Github
2025-12-01 02:25:28 Success.
2025-12-01 02:25:28 Latest version is 1.10.6
2025-12-01 02:25:28 An update is already downloaded.
2025-12-02 14:39:13 Loading updated app package /home/benjamin/.config/obsidian/obsidian-1.10.6.asar
2025-12-02 14:39:13 Checking for update using Github
2025-12-02 14:39:13 Success.
2025-12-02 14:39:13 Latest version is 1.10.6
2025-12-02 14:39:13 App is up to date.
2025-12-02 16:02:52 Loading updated app package /home/benjamin/.config/obsidian/obsidian-1.10.6.asar
2025-12-02 16:02:52 Checking for update using Github
2025-12-02 16:02:52 Success.
2025-12-02 16:02:52 Latest version is 1.10.6
2025-12-02 16:02:52 App is up to date.
2025-12-07 21:53:50 Loading main app package /nix/store/29c1imqnpkixkyl6a0cl2r1c9l1q1vkh-obsidian-1.10.6/share/obsidian/obsidian.asar
2025-12-07 21:53:50 Checking for update using Github
2025-12-07 21:53:50 Success.
2025-12-07 21:53:50 Latest version is 1.10.6
2025-12-07 21:53:50 App is up to date.
2025-12-07 21:55:01 Checking for update using Github
2025-12-07 21:55:01 Success.
2025-12-07 21:55:01 Latest version is 1.10.6
2025-12-07 21:55:01 App is up to date.
2025-12-07 22:53:50 Checking for update using Github
2025-12-07 22:53:50 Success.
2025-12-07 22:53:50 Latest version is 1.10.6
2025-12-07 22:53:50 App is up to date.
2025-12-07 23:53:50 Checking for update using Github
2025-12-07 23:53:50 Success.
2025-12-07 23:53:50 Latest version is 1.10.6
2025-12-07 23:53:50 App is up to date.
2025-12-08 00:53:50 Checking for update using Github
2025-12-08 00:53:50 Success.
2025-12-08 00:53:50 Latest version is 1.10.6
2025-12-08 00:53:50 App is up to date.
2025-12-08 01:53:50 Checking for update using Github
2025-12-08 01:53:50 Success.
2025-12-08 01:53:50 Latest version is 1.10.6
2025-12-08 01:53:50 App is up to date.
2025-12-08 02:53:50 Checking for update using Github
2025-12-08 02:53:50 Success.
2025-12-08 02:53:50 Latest version is 1.10.6
2025-12-08 02:53:50 App is up to date.
2025-12-08 03:53:50 Checking for update using Github
2025-12-08 03:53:50 Success.
2025-12-08 03:53:50 Latest version is 1.10.6
2025-12-08 03:53:50 App is up to date.
2025-12-14 14:57:31 Loading main app package /nix/store/29c1imqnpkixkyl6a0cl2r1c9l1q1vkh-obsidian-1.10.6/share/obsidian/obsidian.asar
2025-12-14 14:57:31 Checking for update using Github
2025-12-14 14:57:32 Success.
2025-12-14 14:57:32 Latest version is 1.10.6
2025-12-14 14:57:32 App is up to date.
2025-12-14 15:01:48 Loading main app package /nix/store/29c1imqnpkixkyl6a0cl2r1c9l1q1vkh-obsidian-1.10.6/share/obsidian/obsidian.asar
2025-12-14 15:01:48 Checking for update using Github
2025-12-14 15:01:48 Success.
2025-12-14 15:01:48 Latest version is 1.10.6
2025-12-14 15:01:48 App is up to date.
2025-12-14 15:01:52 Loading main app package /nix/store/29c1imqnpkixkyl6a0cl2r1c9l1q1vkh-obsidian-1.10.6/share/obsidian/obsidian.asar
2025-12-14 15:01:52 Checking for update using Github
2025-12-14 15:01:52 Success.
2025-12-14 15:01:52 Latest version is 1.10.6
2025-12-14 15:01:52 App is up to date.
